c:\users\gong\desktop\rtklib\rtklib_demo\debug\vc142.pdb
c:\users\gong\desktop\rtklib\rtklib_demo\debug\vc142.idb
c:\users\gong\desktop\rtklib\rtklib_demo\debug\rcvraw.obj
c:\users\gong\desktop\rtklib\rtklib_demo\debug\qzslex.obj
c:\users\gong\desktop\rtklib\rtklib_demo\debug\preceph.obj
c:\users\gong\desktop\rtklib\rtklib_demo\debug\ppp_corr.obj
c:\users\gong\desktop\rtklib\rtklib_demo\debug\ppp_ar.obj
c:\users\gong\desktop\rtklib\rtklib_demo\debug\ppp.obj
c:\users\gong\desktop\rtklib\rtklib_demo\debug\postpos.obj
c:\users\gong\desktop\rtklib\rtklib_demo\debug\pntpos.obj
c:\users\gong\desktop\rtklib\rtklib_demo\debug\options.obj
c:\users\gong\desktop\rtklib\rtklib_demo\debug\main.obj
c:\users\gong\desktop\rtklib\rtklib_demo\debug\lambda.obj
c:\users\gong\desktop\rtklib\rtklib_demo\debug\ionex.obj
c:\users\gong\desktop\rtklib\rtklib_demo\debug\gis.obj
c:\users\gong\desktop\rtklib\rtklib_demo\debug\geoid.obj
c:\users\gong\desktop\rtklib\rtklib_demo\debug\ephemeris.obj
c:\users\gong\desktop\rtklib\rtklib_demo\debug\download.obj
c:\users\gong\desktop\rtklib\rtklib_demo\debug\datum.obj
c:\users\gong\desktop\rtklib\rtklib_demo\debug\convrnx.obj
c:\users\gong\desktop\rtklib\rtklib_demo\debug\convkml.obj
c:\users\gong\desktop\rtklib\rtklib_demo\debug\convgpx.obj
c:\users\gong\desktop\rtklib\rtklib_demo\debug\rtkcmn.obj
c:\users\gong\desktop\rtklib\rtklib_demo\debug\rtcm3e.obj
c:\users\gong\desktop\rtklib\rtklib_demo\debug\rtcm3.obj
c:\users\gong\desktop\rtklib\rtklib_demo\debug\rtcm2.obj
c:\users\gong\desktop\rtklib\rtklib_demo\debug\rtcm.obj
c:\users\gong\desktop\rtklib\rtklib_demo\debug\rinex.obj
c:\users\gong\desktop\rtklib\rtklib_demo\debug\ublox.obj
c:\users\gong\desktop\rtklib\rtklib_demo\debug\tersus.obj
c:\users\gong\desktop\rtklib\rtklib_demo\debug\ss2.obj
c:\users\gong\desktop\rtklib\rtklib_demo\debug\skytraq.obj
c:\users\gong\desktop\rtklib\rtklib_demo\debug\septentrio.obj
c:\users\gong\desktop\rtklib\rtklib_demo\debug\rt17.obj
c:\users\gong\desktop\rtklib\rtklib_demo\debug\rcvlex.obj
c:\users\gong\desktop\rtklib\rtklib_demo\debug\nvs.obj
c:\users\gong\desktop\rtklib\rtklib_demo\debug\novatel.obj
c:\users\gong\desktop\rtklib\rtklib_demo\debug\javad.obj
c:\users\gong\desktop\rtklib\rtklib_demo\debug\gw10.obj
c:\users\gong\desktop\rtklib\rtklib_demo\debug\crescent.obj
c:\users\gong\desktop\rtklib\rtklib_demo\debug\cmr.obj
c:\users\gong\desktop\rtklib\rtklib_demo\debug\binex.obj
c:\users\gong\desktop\rtklib\rtklib_demo\debug\tle.obj
c:\users\gong\desktop\rtklib\rtklib_demo\debug\tides.obj
c:\users\gong\desktop\rtklib\rtklib_demo\debug\streamsvr.obj
c:\users\gong\desktop\rtklib\rtklib_demo\debug\stream.obj
c:\users\gong\desktop\rtklib\rtklib_demo\debug\solution.obj
c:\users\gong\desktop\rtklib\rtklib_demo\debug\sbas.obj
c:\users\gong\desktop\rtklib\rtklib_demo\debug\rtksvr.obj
c:\users\gong\desktop\rtklib\rtklib_demo\debug\rtkpos.obj
c:\users\gong\desktop\rtklib\rtklib_demo\debug\rtklib_demo.ilk
c:\users\gong\desktop\rtklib\rtklib_demo\debug\rtklib_demo.exe
c:\users\gong\desktop\rtklib\rtklib_demo\debug\rtklib_demo.pdb
c:\users\gong\desktop\rtklib\rtklib_demo\rtklib-2.4.3-vs2019\debug\binex.obj
c:\users\gong\desktop\rtklib\rtklib_demo\rtklib-2.4.3-vs2019\debug\cmr.obj
c:\users\gong\desktop\rtklib\rtklib_demo\rtklib-2.4.3-vs2019\debug\convgpx.obj
c:\users\gong\desktop\rtklib\rtklib_demo\rtklib-2.4.3-vs2019\debug\convkml.obj
c:\users\gong\desktop\rtklib\rtklib_demo\rtklib-2.4.3-vs2019\debug\convrnx.obj
c:\users\gong\desktop\rtklib\rtklib_demo\rtklib-2.4.3-vs2019\debug\crescent.obj
c:\users\gong\desktop\rtklib\rtklib_demo\rtklib-2.4.3-vs2019\debug\datum.obj
c:\users\gong\desktop\rtklib\rtklib_demo\rtklib-2.4.3-vs2019\debug\download.obj
c:\users\gong\desktop\rtklib\rtklib_demo\rtklib-2.4.3-vs2019\debug\ephemeris.obj
c:\users\gong\desktop\rtklib\rtklib_demo\rtklib-2.4.3-vs2019\debug\geoid.obj
c:\users\gong\desktop\rtklib\rtklib_demo\rtklib-2.4.3-vs2019\debug\gis.obj
c:\users\gong\desktop\rtklib\rtklib_demo\rtklib-2.4.3-vs2019\debug\gw10.obj
c:\users\gong\desktop\rtklib\rtklib_demo\rtklib-2.4.3-vs2019\debug\ionex.obj
c:\users\gong\desktop\rtklib\rtklib_demo\rtklib-2.4.3-vs2019\debug\javad.obj
c:\users\gong\desktop\rtklib\rtklib_demo\rtklib-2.4.3-vs2019\debug\lambda.obj
c:\users\gong\desktop\rtklib\rtklib_demo\rtklib-2.4.3-vs2019\debug\main.obj
c:\users\gong\desktop\rtklib\rtklib_demo\rtklib-2.4.3-vs2019\debug\novatel.obj
c:\users\gong\desktop\rtklib\rtklib_demo\rtklib-2.4.3-vs2019\debug\nvs.obj
c:\users\gong\desktop\rtklib\rtklib_demo\rtklib-2.4.3-vs2019\debug\options.obj
c:\users\gong\desktop\rtklib\rtklib_demo\rtklib-2.4.3-vs2019\debug\pntpos.obj
c:\users\gong\desktop\rtklib\rtklib_demo\rtklib-2.4.3-vs2019\debug\postpos.obj
c:\users\gong\desktop\rtklib\rtklib_demo\rtklib-2.4.3-vs2019\debug\ppp.obj
c:\users\gong\desktop\rtklib\rtklib_demo\rtklib-2.4.3-vs2019\debug\ppp_ar.obj
c:\users\gong\desktop\rtklib\rtklib_demo\rtklib-2.4.3-vs2019\debug\ppp_corr.obj
c:\users\gong\desktop\rtklib\rtklib_demo\rtklib-2.4.3-vs2019\debug\preceph.obj
c:\users\gong\desktop\rtklib\rtklib_demo\rtklib-2.4.3-vs2019\debug\qzslex.obj
c:\users\gong\desktop\rtklib\rtklib_demo\rtklib-2.4.3-vs2019\debug\rcvlex.obj
c:\users\gong\desktop\rtklib\rtklib_demo\rtklib-2.4.3-vs2019\debug\rcvraw.obj
c:\users\gong\desktop\rtklib\rtklib_demo\rtklib-2.4.3-vs2019\debug\rinex.obj
c:\users\gong\desktop\rtklib\rtklib_demo\rtklib-2.4.3-vs2019\debug\rt17.obj
c:\users\gong\desktop\rtklib\rtklib_demo\rtklib-2.4.3-vs2019\debug\rtcm.obj
c:\users\gong\desktop\rtklib\rtklib_demo\rtklib-2.4.3-vs2019\debug\rtcm2.obj
c:\users\gong\desktop\rtklib\rtklib_demo\rtklib-2.4.3-vs2019\debug\rtcm3.obj
c:\users\gong\desktop\rtklib\rtklib_demo\rtklib-2.4.3-vs2019\debug\rtcm3e.obj
c:\users\gong\desktop\rtklib\rtklib_demo\rtklib-2.4.3-vs2019\debug\rtkcmn.obj
c:\users\gong\desktop\rtklib\rtklib_demo\rtklib-2.4.3-vs2019\debug\rtkpos.obj
c:\users\gong\desktop\rtklib\rtklib_demo\rtklib-2.4.3-vs2019\debug\rtksvr.obj
c:\users\gong\desktop\rtklib\rtklib_demo\rtklib-2.4.3-vs2019\debug\sbas.obj
c:\users\gong\desktop\rtklib\rtklib_demo\rtklib-2.4.3-vs2019\debug\septentrio.obj
c:\users\gong\desktop\rtklib\rtklib_demo\rtklib-2.4.3-vs2019\debug\skytraq.obj
c:\users\gong\desktop\rtklib\rtklib_demo\rtklib-2.4.3-vs2019\debug\solution.obj
c:\users\gong\desktop\rtklib\rtklib_demo\rtklib-2.4.3-vs2019\debug\ss2.obj
c:\users\gong\desktop\rtklib\rtklib_demo\rtklib-2.4.3-vs2019\debug\stream.obj
c:\users\gong\desktop\rtklib\rtklib_demo\rtklib-2.4.3-vs2019\debug\streamsvr.obj
c:\users\gong\desktop\rtklib\rtklib_demo\rtklib-2.4.3-vs2019\debug\tersus.obj
c:\users\gong\desktop\rtklib\rtklib_demo\rtklib-2.4.3-vs2019\debug\tides.obj
c:\users\gong\desktop\rtklib\rtklib_demo\rtklib-2.4.3-vs2019\debug\tle.obj
c:\users\gong\desktop\rtklib\rtklib_demo\rtklib-2.4.3-vs2019\debug\ublox.obj
c:\users\gong\desktop\rtklib\rtklib_demo\rtklib-2.4.3-vs2019\debug\rtklib_demo.ilk
c:\users\gong\desktop\rtklib\rtklib_demo\rtklib-2.4.3-vs2019\debug\vc142.idb
c:\users\gong\desktop\rtklib\rtklib_demo\rtklib-2.4.3-vs2019\debug\rtklib_demo.pdb
c:\users\gong\desktop\rtklib\rtklib_demo\rtklib-2.4.3-vs2019\debug\vc142.pdb
c:\users\gong\desktop\rtklib\rtklib_demo\rtklib-2.4.3-vs2019\debug\rtklib_demo.exe
c:\users\gong\desktop\rtklib\rtklib_demo\rtklib-2.4.3-vs2019\debug\rtklib_demo.tlog\cl.command.1.tlog
c:\users\gong\desktop\rtklib\rtklib_demo\rtklib-2.4.3-vs2019\debug\rtklib_demo.tlog\cl.read.1.tlog
c:\users\gong\desktop\rtklib\rtklib_demo\rtklib-2.4.3-vs2019\debug\rtklib_demo.tlog\cl.write.1.tlog
c:\users\gong\desktop\rtklib\rtklib_demo\rtklib-2.4.3-vs2019\debug\rtklib_demo.tlog\link.command.1.tlog
c:\users\gong\desktop\rtklib\rtklib_demo\rtklib-2.4.3-vs2019\debug\rtklib_demo.tlog\link.read.1.tlog
c:\users\gong\desktop\rtklib\rtklib_demo\rtklib-2.4.3-vs2019\debug\rtklib_demo.tlog\link.write.1.tlog
