c:\users\gong\desktop\rtklib\rtklib-vs-demo\convbin\convbin\debug\vc142.pdb
c:\users\gong\desktop\rtklib\rtklib-vs-demo\convbin\convbin\debug\vc142.idb
c:\users\gong\desktop\rtklib\rtklib-vs-demo\convbin\convbin\debug\rtcm2.obj
c:\users\gong\desktop\rtklib\rtklib-vs-demo\convbin\convbin\debug\rtcm.obj
c:\users\gong\desktop\rtklib\rtklib-vs-demo\convbin\convbin\debug\rt17.obj
c:\users\gong\desktop\rtklib\rtklib-vs-demo\convbin\convbin\debug\rinex.obj
c:\users\gong\desktop\rtklib\rtklib-vs-demo\convbin\convbin\debug\rcvraw.obj
c:\users\gong\desktop\rtklib\rtklib-vs-demo\convbin\convbin\debug\rcvlex.obj
c:\users\gong\desktop\rtklib\rtklib-vs-demo\convbin\convbin\debug\qzslex.obj
c:\users\gong\desktop\rtklib\rtklib-vs-demo\convbin\convbin\debug\preceph.obj
c:\users\gong\desktop\rtklib\rtklib-vs-demo\convbin\convbin\debug\pntpos.obj
c:\users\gong\desktop\rtklib\rtklib-vs-demo\convbin\convbin\debug\nvs.obj
c:\users\gong\desktop\rtklib\rtklib-vs-demo\convbin\convbin\debug\novatel.obj
c:\users\gong\desktop\rtklib\rtklib-vs-demo\convbin\convbin\debug\javad.obj
c:\users\gong\desktop\rtklib\rtklib-vs-demo\convbin\convbin\debug\ionex.obj
c:\users\gong\desktop\rtklib\rtklib-vs-demo\convbin\convbin\debug\gw10.obj
c:\users\gong\desktop\rtklib\rtklib-vs-demo\convbin\convbin\debug\ephemeris.obj
c:\users\gong\desktop\rtklib\rtklib-vs-demo\convbin\convbin\debug\crescent.obj
c:\users\gong\desktop\rtklib\rtklib-vs-demo\convbin\convbin\debug\convrnx.obj
c:\users\gong\desktop\rtklib\rtklib-vs-demo\convbin\convbin\debug\convbin.obj
c:\users\gong\desktop\rtklib\rtklib-vs-demo\convbin\convbin\debug\cmr.obj
c:\users\gong\desktop\rtklib\rtklib-vs-demo\convbin\convbin\debug\binex.obj
c:\users\gong\desktop\rtklib\rtklib-vs-demo\convbin\convbin\debug\ublox.obj
c:\users\gong\desktop\rtklib\rtklib-vs-demo\convbin\convbin\debug\tersus.obj
c:\users\gong\desktop\rtklib\rtklib-vs-demo\convbin\convbin\debug\skytraq.obj
c:\users\gong\desktop\rtklib\rtklib-vs-demo\convbin\convbin\debug\septentrio.obj
c:\users\gong\desktop\rtklib\rtklib-vs-demo\convbin\convbin\debug\sbas.obj
c:\users\gong\desktop\rtklib\rtklib-vs-demo\convbin\convbin\debug\rtkcmn.obj
c:\users\gong\desktop\rtklib\rtklib-vs-demo\convbin\convbin\debug\rtcm3e.obj
c:\users\gong\desktop\rtklib\rtklib-vs-demo\convbin\convbin\debug\rtcm3.obj
c:\users\gong\desktop\rtklib\rtklib-vs-demo\convbin\debug\convbin.pdb
c:\users\gong\desktop\rtklib\rtklib-vs-demo\convbin\convbin\debug\convbin.tlog\cl.command.1.tlog
c:\users\gong\desktop\rtklib\rtklib-vs-demo\convbin\convbin\debug\convbin.tlog\cl.read.1.tlog
c:\users\gong\desktop\rtklib\rtklib-vs-demo\convbin\convbin\debug\convbin.tlog\cl.write.1.tlog
c:\users\gong\desktop\rtklib\rtklib-vs-demo\convbin\convbin\debug\convbin.tlog\link-cvtres.read.1.tlog
c:\users\gong\desktop\rtklib\rtklib-vs-demo\convbin\convbin\debug\convbin.tlog\link-cvtres.write.1.tlog
c:\users\gong\desktop\rtklib\rtklib-vs-demo\convbin\convbin\debug\convbin.tlog\link-rc.read.1.tlog
c:\users\gong\desktop\rtklib\rtklib-vs-demo\convbin\convbin\debug\convbin.tlog\link-rc.write.1.tlog
c:\users\gong\desktop\rtklib\rtklib-vs-demo\convbin\convbin\debug\convbin.tlog\link.command.1.tlog
c:\users\gong\desktop\rtklib\rtklib-vs-demo\convbin\convbin\debug\convbin.tlog\link.read.1.tlog
c:\users\gong\desktop\rtklib\rtklib-vs-demo\convbin\convbin\debug\convbin.tlog\link.write.1.tlog
