e:\vs工程\rtk_t\rtknavi\rtknavi\debug\rcvraw.obj
e:\vs工程\rtk_t\rtknavi\rtknavi\debug\rinex.obj
e:\vs工程\rtk_t\rtknavi\rtknavi\debug\rt17.obj
e:\vs工程\rtk_t\rtknavi\rtknavi\debug\rtcm.obj
e:\vs工程\rtk_t\rtknavi\rtknavi\debug\rtcm2.obj
e:\vs工程\rtk_t\rtknavi\rtknavi\debug\rtcm3.obj
e:\vs工程\rtk_t\rtknavi\rtknavi\debug\rtcm3e.obj
e:\vs工程\rtk_t\rtknavi\rtknavi\debug\rtkcmn.obj
e:\vs工程\rtk_t\rtknavi\rtknavi\debug\rtkpos.obj
e:\vs工程\rtk_t\rtknavi\rtknavi\debug\rtkrcv.obj
e:\vs工程\rtk_t\rtknavi\rtknavi\debug\rtksvr.obj
e:\vs工程\rtk_t\rtknavi\rtknavi\debug\sbas.obj
e:\vs工程\rtk_t\rtknavi\rtknavi\debug\septentrio.obj
e:\vs工程\rtk_t\rtknavi\rtknavi\debug\skytraq.obj
e:\vs工程\rtk_t\rtknavi\rtknavi\debug\solution.obj
e:\vs工程\rtk_t\rtknavi\rtknavi\debug\ss2.obj
e:\vs工程\rtk_t\rtknavi\rtknavi\debug\stream.obj
e:\vs工程\rtk_t\rtknavi\rtknavi\debug\tides.obj
e:\vs工程\rtk_t\rtknavi\rtknavi\debug\ublox.obj
e:\vs工程\rtk_t\rtknavi\rtknavi\debug\vt.obj
e:\vs工程\rtk_t\rtknavi\rtknavi\debug\binex.obj
e:\vs工程\rtk_t\rtknavi\rtknavi\debug\cmr.obj
e:\vs工程\rtk_t\rtknavi\rtknavi\debug\crescent.obj
e:\vs工程\rtk_t\rtknavi\rtknavi\debug\ephemeris.obj
e:\vs工程\rtk_t\rtknavi\rtknavi\debug\geoid.obj
e:\vs工程\rtk_t\rtknavi\rtknavi\debug\gw10.obj
e:\vs工程\rtk_t\rtknavi\rtknavi\debug\ionex.obj
e:\vs工程\rtk_t\rtknavi\rtknavi\debug\javad.obj
e:\vs工程\rtk_t\rtknavi\rtknavi\debug\lambda.obj
e:\vs工程\rtk_t\rtknavi\rtknavi\debug\novatel.obj
e:\vs工程\rtk_t\rtknavi\rtknavi\debug\nvs.obj
e:\vs工程\rtk_t\rtknavi\rtknavi\debug\options.obj
e:\vs工程\rtk_t\rtknavi\rtknavi\debug\pntpos.obj
e:\vs工程\rtk_t\rtknavi\rtknavi\debug\ppp.obj
e:\vs工程\rtk_t\rtknavi\rtknavi\debug\ppp_ar.obj
e:\vs工程\rtk_t\rtknavi\rtknavi\debug\ppp_corr.obj
e:\vs工程\rtk_t\rtknavi\rtknavi\debug\preceph.obj
e:\vs工程\rtk_t\rtknavi\rtknavi\debug\qzslex.obj
e:\vs工程\rtk_t\rtknavi\rtknavi\debug\vc110.pdb
e:\vs工程\rtk_t\rtknavi\debug\rtknavi.ilk
e:\vs工程\rtk_t\rtknavi\debug\rtknavi.exe
e:\vs工程\rtk_t\rtknavi\debug\rtknavi.pdb
c:\users\gong\desktop\rtknavi\rtknavi\debug\binex.obj
c:\users\gong\desktop\rtknavi\rtknavi\debug\cmr.obj
c:\users\gong\desktop\rtknavi\rtknavi\debug\crescent.obj
c:\users\gong\desktop\rtknavi\rtknavi\debug\ephemeris.obj
c:\users\gong\desktop\rtknavi\rtknavi\debug\geoid.obj
c:\users\gong\desktop\rtknavi\rtknavi\debug\gw10.obj
c:\users\gong\desktop\rtknavi\rtknavi\debug\ionex.obj
c:\users\gong\desktop\rtknavi\rtknavi\debug\javad.obj
c:\users\gong\desktop\rtknavi\rtknavi\debug\lambda.obj
c:\users\gong\desktop\rtknavi\rtknavi\debug\novatel.obj
c:\users\gong\desktop\rtknavi\rtknavi\debug\nvs.obj
c:\users\gong\desktop\rtknavi\rtknavi\debug\options.obj
c:\users\gong\desktop\rtknavi\rtknavi\debug\pntpos.obj
c:\users\gong\desktop\rtknavi\rtknavi\debug\ppp.obj
c:\users\gong\desktop\rtknavi\rtknavi\debug\ppp_ar.obj
c:\users\gong\desktop\rtknavi\rtknavi\debug\ppp_corr.obj
c:\users\gong\desktop\rtknavi\rtknavi\debug\preceph.obj
c:\users\gong\desktop\rtknavi\rtknavi\debug\qzslex.obj
c:\users\gong\desktop\rtknavi\rtknavi\debug\rcvraw.obj
c:\users\gong\desktop\rtknavi\rtknavi\debug\rinex.obj
c:\users\gong\desktop\rtknavi\rtknavi\debug\rt17.obj
c:\users\gong\desktop\rtknavi\rtknavi\debug\rtcm.obj
c:\users\gong\desktop\rtknavi\rtknavi\debug\rtcm2.obj
c:\users\gong\desktop\rtknavi\rtknavi\debug\rtcm3.obj
c:\users\gong\desktop\rtknavi\rtknavi\debug\rtcm3e.obj
c:\users\gong\desktop\rtknavi\rtknavi\debug\rtkcmn.obj
c:\users\gong\desktop\rtknavi\rtknavi\debug\rtkpos.obj
c:\users\gong\desktop\rtknavi\rtknavi\debug\rtkrcv.obj
c:\users\gong\desktop\rtknavi\rtknavi\debug\rtksvr.obj
c:\users\gong\desktop\rtknavi\rtknavi\debug\sbas.obj
c:\users\gong\desktop\rtknavi\rtknavi\debug\septentrio.obj
c:\users\gong\desktop\rtknavi\rtknavi\debug\skytraq.obj
c:\users\gong\desktop\rtknavi\rtknavi\debug\solution.obj
c:\users\gong\desktop\rtknavi\rtknavi\debug\ss2.obj
c:\users\gong\desktop\rtknavi\rtknavi\debug\stream.obj
c:\users\gong\desktop\rtknavi\rtknavi\debug\tides.obj
c:\users\gong\desktop\rtknavi\rtknavi\debug\ublox.obj
c:\users\gong\desktop\rtknavi\rtknavi\debug\vt.obj
c:\users\gong\desktop\rtknavi\rtknavi\debug\cl.command.1.tlog
c:\users\gong\desktop\rtknavi\rtknavi\debug\cl.read.1.tlog
c:\users\gong\desktop\rtknavi\rtknavi\debug\cl.write.1.tlog
c:\users\gong\desktop\rtknavi\rtknavi\debug\link-cvtres.read.1.tlog
c:\users\gong\desktop\rtknavi\rtknavi\debug\link-cvtres.write.1.tlog
c:\users\gong\desktop\rtknavi\rtknavi\debug\link-rc.read.1.tlog
c:\users\gong\desktop\rtknavi\rtknavi\debug\link-rc.write.1.tlog
c:\users\gong\desktop\rtknavi\rtknavi\debug\link.10236-cvtres.read.1.tlog
c:\users\gong\desktop\rtknavi\rtknavi\debug\link.10236-cvtres.write.1.tlog
c:\users\gong\desktop\rtknavi\rtknavi\debug\link.10236-rc.read.1.tlog
c:\users\gong\desktop\rtknavi\rtknavi\debug\link.10236-rc.write.1.tlog
c:\users\gong\desktop\rtknavi\rtknavi\debug\link.10236.read.1.tlog
c:\users\gong\desktop\rtknavi\rtknavi\debug\link.10236.write.1.tlog
c:\users\gong\desktop\rtknavi\rtknavi\debug\link.1084-cvtres.read.1.tlog
c:\users\gong\desktop\rtknavi\rtknavi\debug\link.1084-cvtres.write.1.tlog
c:\users\gong\desktop\rtknavi\rtknavi\debug\link.1084-rc.read.1.tlog
c:\users\gong\desktop\rtknavi\rtknavi\debug\link.1084-rc.write.1.tlog
c:\users\gong\desktop\rtknavi\rtknavi\debug\link.1084.read.1.tlog
c:\users\gong\desktop\rtknavi\rtknavi\debug\link.1084.write.1.tlog
c:\users\gong\desktop\rtknavi\rtknavi\debug\link.7948-cvtres.read.1.tlog
c:\users\gong\desktop\rtknavi\rtknavi\debug\link.7948-cvtres.write.1.tlog
c:\users\gong\desktop\rtknavi\rtknavi\debug\link.7948-rc.read.1.tlog
c:\users\gong\desktop\rtknavi\rtknavi\debug\link.7948-rc.write.1.tlog
c:\users\gong\desktop\rtknavi\rtknavi\debug\link.7948.read.1.tlog
c:\users\gong\desktop\rtknavi\rtknavi\debug\link.7948.write.1.tlog
c:\users\gong\desktop\rtknavi\rtknavi\debug\link.8304-cvtres.read.1.tlog
c:\users\gong\desktop\rtknavi\rtknavi\debug\link.8304-cvtres.write.1.tlog
c:\users\gong\desktop\rtknavi\rtknavi\debug\link.8304-rc.read.1.tlog
c:\users\gong\desktop\rtknavi\rtknavi\debug\link.8304-rc.write.1.tlog
c:\users\gong\desktop\rtknavi\rtknavi\debug\link.8304.read.1.tlog
c:\users\gong\desktop\rtknavi\rtknavi\debug\link.8304.write.1.tlog
c:\users\gong\desktop\rtknavi\rtknavi\debug\link.command.1.tlog
c:\users\gong\desktop\rtknavi\rtknavi\debug\link.read.1.tlog
c:\users\gong\desktop\rtknavi\rtknavi\debug\link.write.1.tlog
c:\users\gong\desktop\rtknavi\rtknavi\debug\vc110.idb
c:\users\gong\desktop\rtknavi\rtknavi\debug\vc110.pdb
c:\users\gong\desktop\rtknavi\debug\rtknavi.pdb
c:\users\gong\desktop\rtknavi\debug\rtknavi.exe
c:\users\gong\desktop\rtknavi\debug\rtknavi.ilk
