c:\users\gong\desktop\rtklib\rtklib-vs-demo\rnx2rtkp\rnx2rtkp\debug\vc142.pdb
c:\users\gong\desktop\rtklib\rtklib-vs-demo\rnx2rtkp\rnx2rtkp\debug\vc142.idb
c:\users\gong\desktop\rtklib\rtklib-vs-demo\rnx2rtkp\rnx2rtkp\debug\rtcm3e.obj
c:\users\gong\desktop\rtklib\rtklib-vs-demo\rnx2rtkp\rnx2rtkp\debug\rtcm3.obj
c:\users\gong\desktop\rtklib\rtklib-vs-demo\rnx2rtkp\rnx2rtkp\debug\rtcm2.obj
c:\users\gong\desktop\rtklib\rtklib-vs-demo\rnx2rtkp\rnx2rtkp\debug\rtcm.obj
c:\users\gong\desktop\rtklib\rtklib-vs-demo\rnx2rtkp\rnx2rtkp\debug\rnx2rtkp.obj
c:\users\gong\desktop\rtklib\rtklib-vs-demo\rnx2rtkp\rnx2rtkp\debug\rinex.obj
c:\users\gong\desktop\rtklib\rtklib-vs-demo\rnx2rtkp\rnx2rtkp\debug\qzslex.obj
c:\users\gong\desktop\rtklib\rtklib-vs-demo\rnx2rtkp\rnx2rtkp\debug\preceph.obj
c:\users\gong\desktop\rtklib\rtklib-vs-demo\rnx2rtkp\rnx2rtkp\debug\ppp_corr.obj
c:\users\gong\desktop\rtklib\rtklib-vs-demo\rnx2rtkp\rnx2rtkp\debug\ppp_ar.obj
c:\users\gong\desktop\rtklib\rtklib-vs-demo\rnx2rtkp\rnx2rtkp\debug\ppp.obj
c:\users\gong\desktop\rtklib\rtklib-vs-demo\rnx2rtkp\rnx2rtkp\debug\postpos.obj
c:\users\gong\desktop\rtklib\rtklib-vs-demo\rnx2rtkp\rnx2rtkp\debug\pntpos.obj
c:\users\gong\desktop\rtklib\rtklib-vs-demo\rnx2rtkp\rnx2rtkp\debug\options.obj
c:\users\gong\desktop\rtklib\rtklib-vs-demo\rnx2rtkp\rnx2rtkp\debug\lambda.obj
c:\users\gong\desktop\rtklib\rtklib-vs-demo\rnx2rtkp\rnx2rtkp\debug\ionex.obj
c:\users\gong\desktop\rtklib\rtklib-vs-demo\rnx2rtkp\rnx2rtkp\debug\gis.obj
c:\users\gong\desktop\rtklib\rtklib-vs-demo\rnx2rtkp\rnx2rtkp\debug\geoid.obj
c:\users\gong\desktop\rtklib\rtklib-vs-demo\rnx2rtkp\rnx2rtkp\debug\ephemeris.obj
c:\users\gong\desktop\rtklib\rtklib-vs-demo\rnx2rtkp\rnx2rtkp\debug\datum.obj
c:\users\gong\desktop\rtklib\rtklib-vs-demo\rnx2rtkp\rnx2rtkp\debug\tides.obj
c:\users\gong\desktop\rtklib\rtklib-vs-demo\rnx2rtkp\rnx2rtkp\debug\solution.obj
c:\users\gong\desktop\rtklib\rtklib-vs-demo\rnx2rtkp\rnx2rtkp\debug\sbas.obj
c:\users\gong\desktop\rtklib\rtklib-vs-demo\rnx2rtkp\rnx2rtkp\debug\rtkpos.obj
c:\users\gong\desktop\rtklib\rtklib-vs-demo\rnx2rtkp\rnx2rtkp\debug\rtkcmn.obj
c:\users\gong\desktop\rtklib\rtklib-vs-demo\rnx2rtkp\debug\rnx2rtkp.exe
c:\users\gong\desktop\rtklib\rtklib-vs-demo\rnx2rtkp\debug\rnx2rtkp.ilk
c:\users\gong\desktop\rtklib\rtklib-vs-demo\rnx2rtkp\debug\rnx2rtkp.pdb
c:\users\gong\desktop\rtklib\rtklib-vs-demo\rnx2rtkp\rnx2rtkp\debug\rinex.obj.enc
c:\users\gong\desktop\rtklib\rtklib-vs-demo\rnx2rtkp\rnx2rtkp\debug\rnx2rtkp.tlog\cl.command.1.tlog
c:\users\gong\desktop\rtklib\rtklib-vs-demo\rnx2rtkp\rnx2rtkp\debug\rnx2rtkp.tlog\cl.read.1.tlog
c:\users\gong\desktop\rtklib\rtklib-vs-demo\rnx2rtkp\rnx2rtkp\debug\rnx2rtkp.tlog\cl.write.1.tlog
c:\users\gong\desktop\rtklib\rtklib-vs-demo\rnx2rtkp\rnx2rtkp\debug\rnx2rtkp.tlog\link.command.1.tlog
c:\users\gong\desktop\rtklib\rtklib-vs-demo\rnx2rtkp\rnx2rtkp\debug\rnx2rtkp.tlog\link.read.1.tlog
c:\users\gong\desktop\rtklib\rtklib-vs-demo\rnx2rtkp\rnx2rtkp\debug\rnx2rtkp.tlog\link.write.1.tlog
