c:\users\gong\desktop\rtklib\rtklib-vs-demo\str2str\str2str\debug\vc142.pdb
c:\users\gong\desktop\rtklib\rtklib-vs-demo\str2str\str2str\debug\vc142.idb
c:\users\gong\desktop\rtklib\rtklib-vs-demo\str2str\str2str\debug\binex.obj
c:\users\gong\desktop\rtklib\rtklib-vs-demo\str2str\str2str\debug\rcvraw.obj
c:\users\gong\desktop\rtklib\rtklib-vs-demo\str2str\str2str\debug\qzslex.obj
c:\users\gong\desktop\rtklib\rtklib-vs-demo\str2str\str2str\debug\preceph.obj
c:\users\gong\desktop\rtklib\rtklib-vs-demo\str2str\str2str\debug\ppp_corr.obj
c:\users\gong\desktop\rtklib\rtklib-vs-demo\str2str\str2str\debug\ppp_ar.obj
c:\users\gong\desktop\rtklib\rtklib-vs-demo\str2str\str2str\debug\ppp.obj
c:\users\gong\desktop\rtklib\rtklib-vs-demo\str2str\str2str\debug\postpos.obj
c:\users\gong\desktop\rtklib\rtklib-vs-demo\str2str\str2str\debug\pntpos.obj
c:\users\gong\desktop\rtklib\rtklib-vs-demo\str2str\str2str\debug\options.obj
c:\users\gong\desktop\rtklib\rtklib-vs-demo\str2str\str2str\debug\lambda.obj
c:\users\gong\desktop\rtklib\rtklib-vs-demo\str2str\str2str\debug\ionex.obj
c:\users\gong\desktop\rtklib\rtklib-vs-demo\str2str\str2str\debug\gis.obj
c:\users\gong\desktop\rtklib\rtklib-vs-demo\str2str\str2str\debug\geoid.obj
c:\users\gong\desktop\rtklib\rtklib-vs-demo\str2str\str2str\debug\ephemeris.obj
c:\users\gong\desktop\rtklib\rtklib-vs-demo\str2str\str2str\debug\download.obj
c:\users\gong\desktop\rtklib\rtklib-vs-demo\str2str\str2str\debug\datum.obj
c:\users\gong\desktop\rtklib\rtklib-vs-demo\str2str\str2str\debug\convrnx.obj
c:\users\gong\desktop\rtklib\rtklib-vs-demo\str2str\str2str\debug\convkml.obj
c:\users\gong\desktop\rtklib\rtklib-vs-demo\str2str\str2str\debug\convgpx.obj
c:\users\gong\desktop\rtklib\rtklib-vs-demo\str2str\str2str\debug\rtkpos.obj
c:\users\gong\desktop\rtklib\rtklib-vs-demo\str2str\str2str\debug\rtkcmn.obj
c:\users\gong\desktop\rtklib\rtklib-vs-demo\str2str\str2str\debug\rtcm3e.obj
c:\users\gong\desktop\rtklib\rtklib-vs-demo\str2str\str2str\debug\rtcm3.obj
c:\users\gong\desktop\rtklib\rtklib-vs-demo\str2str\str2str\debug\rtcm2.obj
c:\users\gong\desktop\rtklib\rtklib-vs-demo\str2str\str2str\debug\rtcm.obj
c:\users\gong\desktop\rtklib\rtklib-vs-demo\str2str\str2str\debug\rinex.obj
c:\users\gong\desktop\rtklib\rtklib-vs-demo\str2str\str2str\debug\ublox.obj
c:\users\gong\desktop\rtklib\rtklib-vs-demo\str2str\str2str\debug\tersus.obj
c:\users\gong\desktop\rtklib\rtklib-vs-demo\str2str\str2str\debug\ss2.obj
c:\users\gong\desktop\rtklib\rtklib-vs-demo\str2str\str2str\debug\skytraq.obj
c:\users\gong\desktop\rtklib\rtklib-vs-demo\str2str\str2str\debug\septentrio.obj
c:\users\gong\desktop\rtklib\rtklib-vs-demo\str2str\str2str\debug\rt17.obj
c:\users\gong\desktop\rtklib\rtklib-vs-demo\str2str\str2str\debug\rcvlex.obj
c:\users\gong\desktop\rtklib\rtklib-vs-demo\str2str\str2str\debug\nvs.obj
c:\users\gong\desktop\rtklib\rtklib-vs-demo\str2str\str2str\debug\novatel.obj
c:\users\gong\desktop\rtklib\rtklib-vs-demo\str2str\str2str\debug\javad.obj
c:\users\gong\desktop\rtklib\rtklib-vs-demo\str2str\str2str\debug\gw10.obj
c:\users\gong\desktop\rtklib\rtklib-vs-demo\str2str\str2str\debug\crescent.obj
c:\users\gong\desktop\rtklib\rtklib-vs-demo\str2str\str2str\debug\cmr.obj
c:\users\gong\desktop\rtklib\rtklib-vs-demo\str2str\str2str\debug\tle.obj
c:\users\gong\desktop\rtklib\rtklib-vs-demo\str2str\str2str\debug\tides.obj
c:\users\gong\desktop\rtklib\rtklib-vs-demo\str2str\str2str\debug\streamsvr.obj
c:\users\gong\desktop\rtklib\rtklib-vs-demo\str2str\str2str\debug\stream.obj
c:\users\gong\desktop\rtklib\rtklib-vs-demo\str2str\str2str\debug\str2str.obj
c:\users\gong\desktop\rtklib\rtklib-vs-demo\str2str\str2str\debug\solution.obj
c:\users\gong\desktop\rtklib\rtklib-vs-demo\str2str\str2str\debug\sbas.obj
c:\users\gong\desktop\rtklib\rtklib-vs-demo\str2str\str2str\debug\rtksvr.obj
c:\users\gong\desktop\rtklib\rtklib-vs-demo\str2str\debug\str2str.ilk
c:\users\gong\desktop\rtklib\rtklib-vs-demo\str2str\debug\str2str.exe
c:\users\gong\desktop\rtklib\rtklib-vs-demo\str2str\debug\str2str.pdb
c:\users\gong\desktop\rtklib\rtklib-vs-demo\str2str\debug\str2str.lib
c:\users\gong\desktop\rtklib\rtklib-vs-demo\str2str\debug\str2str.exp
c:\users\gong\desktop\rtklib\rtklib-vs-demo\str2str\str2str\debug\str2str.tlog\cl.command.1.tlog
c:\users\gong\desktop\rtklib\rtklib-vs-demo\str2str\str2str\debug\str2str.tlog\cl.read.1.tlog
c:\users\gong\desktop\rtklib\rtklib-vs-demo\str2str\str2str\debug\str2str.tlog\cl.write.1.tlog
c:\users\gong\desktop\rtklib\rtklib-vs-demo\str2str\str2str\debug\str2str.tlog\link.command.1.tlog
c:\users\gong\desktop\rtklib\rtklib-vs-demo\str2str\str2str\debug\str2str.tlog\link.read.1.tlog
c:\users\gong\desktop\rtklib\rtklib-vs-demo\str2str\str2str\debug\str2str.tlog\link.write.1.tlog
c:\users\gong\desktop\rtklib\rtklib-vs-demo\str2str\str2str\debug\str2str.tlog\str2str.write.1u.tlog
